<?xml version="1.0" encoding="UTF-8"?>
<!-- Generated by org.testng.reporters.JUnitXMLReporter -->
<testsuite ignored="0" hostname="VKN-CPU-0145" failures="0" tests="3" name="Default test" time="2.792" errors="0" timestamp="2023-10-26T13:06:35 IST">
  <testcase classname="com.rest.tests.GetAPIRequestWithoutBDD" name="getApiTest" time="1.219"/>
  <testcase classname="com.rest.tests.GetAPIRequestWithoutBDD" name="getApiTestWithQueryParams" time="0.499"/>
  <testcase classname="com.rest.tests.GetAPIRequestWithoutBDD" name="getApiTestWithQueryParamsAsMap" time="0.447"/>
</testsuite> <!-- Default test -->
