<?xml version="1.0" encoding="UTF-8"?>
<testng-results ignored="0" total="1" passed="1" failed="0" skipped="0">
  <reporter-output>
  </reporter-output>
  <suite started-at="2023-10-29T20:02:42 IST" name="Default suite" finished-at="2023-10-29T20:02:45 IST" duration-ms="2707">
    <groups>
    </groups>
    <test started-at="2023-10-29T20:02:42 IST" name="Default test" finished-at="2023-10-29T20:02:45 IST" duration-ms="2707">
      <class name="com.rest.post.CreateUserwithPojoTest">
        <test-method signature="addUserTest()[pri:0, instance:com.rest.post.CreateUserwithPojoTest@63a12c68]" started-at="2023-10-29T20:02:42 IST" name="addUserTest" finished-at="2023-10-29T20:02:45 IST" duration-ms="2677" status="PASS">
          <reporter-output>
          </reporter-output>
        </test-method> <!-- addUserTest -->
      </class> <!-- com.rest.post.CreateUserwithPojoTest -->
    </test> <!-- Default test -->
  </suite> <!-- Default suite -->
</testng-results>
