<?xml version="1.0" encoding="UTF-8"?>
<testng-results ignored="0" total="3" passed="3" failed="0" skipped="0">
  <reporter-output>
  </reporter-output>
  <suite started-at="2023-10-26T13:06:33 IST" name="Default suite" finished-at="2023-10-26T13:06:35 IST" duration-ms="2792">
    <groups>
    </groups>
    <test started-at="2023-10-26T13:06:33 IST" name="Default test" finished-at="2023-10-26T13:06:35 IST" duration-ms="2792">
      <class name="com.rest.tests.GetAPIRequestWithoutBDD">
        <test-method is-config="true" signature="setup()[pri:0, instance:com.rest.tests.GetAPIRequestWithoutBDD@795cd85e]" started-at="2023-10-26T13:06:33 IST" name="setup" finished-at="2023-10-26T13:06:33 IST" duration-ms="587" status="PASS">
          <reporter-output>
          </reporter-output>
        </test-method> <!-- setup -->
        <test-method signature="getApiTest()[pri:0, instance:com.rest.tests.GetAPIRequestWithoutBDD@795cd85e]" started-at="2023-10-26T13:06:33 IST" name="getApiTest" finished-at="2023-10-26T13:06:34 IST" duration-ms="1219" status="PASS">
          <reporter-output>
          </reporter-output>
        </test-method> <!-- getApiTest -->
        <test-method signature="getApiTestWithQueryParams()[pri:0, instance:com.rest.tests.GetAPIRequestWithoutBDD@795cd85e]" started-at="2023-10-26T13:06:34 IST" name="getApiTestWithQueryParams" finished-at="2023-10-26T13:06:35 IST" duration-ms="499" status="PASS">
          <reporter-output>
          </reporter-output>
        </test-method> <!-- getApiTestWithQueryParams -->
        <test-method signature="getApiTestWithQueryParamsAsMap()[pri:0, instance:com.rest.tests.GetAPIRequestWithoutBDD@795cd85e]" started-at="2023-10-26T13:06:35 IST" name="getApiTestWithQueryParamsAsMap" finished-at="2023-10-26T13:06:35 IST" duration-ms="447" status="PASS">
          <reporter-output>
          </reporter-output>
        </test-method> <!-- getApiTestWithQueryParamsAsMap -->
      </class> <!-- com.rest.tests.GetAPIRequestWithoutBDD -->
    </test> <!-- Default test -->
  </suite> <!-- Default suite -->
</testng-results>
